#
# A fatal error has been detected by the Java Runtime Environment:
#
# java.lang.OutOfMemoryError: requested 32744 bytes for ChunkPool::allocate. Out of swap space?
#
#  Internal Error (allocation.cpp:117), pid=2296, tid=4320
#  Error: ChunkPool::allocate
#
# JRE version: 6.0_17-b04
# Java VM: Java HotSpot(TM) 64-Bit Server VM (14.3-b01 mixed mode windows-amd64 )
# If you would like to submit a bug report, please visit:
#   http://java.sun.com/webapps/bugreport/crash.jsp
#

---------------  T H R E A D  ---------------

Current thread (0x000000004dfec000):  JavaThread "CompilerThread0" daemon [_thread_in_native, id=4320, stack(0x0000000052310000,0x0000000056310000)]

Stack: [0x0000000052310000,0x0000000056310000]

Current CompileTask:
C2: 39% !   java.awt.KeyboardFocusManager.clearMostRecentFocusOwner(Ljava/awt/Component;)V @ 17 (111 bytes)


---------------  P R O C E S S  ---------------

Java Threads: ( => current thread )
  0x000000005f7b3000 JavaThread "pool-5-thread-1" [_thread_blocked, id=4980, stack(0x00000000625c0000,0x0000000062640000)]
  0x000000005f7b2000 JavaThread "Active Reference Queue Daemon" daemon [_thread_blocked, id=3956, stack(0x00000000254b0000,0x0000000025530000)]
  0x000000005f7b3800 JavaThread "Timer-49" daemon [_thread_blocked, id=2572, stack(0x00000000216b0000,0x0000000021730000)]
  0x000000005f7b0000 JavaThread "Timer-6" daemon [_thread_blocked, id=4680, stack(0x000000006ded0000,0x000000006df50000)]
  0x000000005f7b1800 JavaThread "RequestQueue for GenericFileList" [_thread_blocked, id=4576, stack(0x0000000070810000,0x0000000070890000)]
  0x000000005f7ae800 JavaThread "Prefs Updater" daemon [_thread_blocked, id=4668, stack(0x000000006ddf0000,0x000000006de70000)]
  0x000000005f7ab800 JavaThread "Timer-1" [_thread_blocked, id=3268, stack(0x0000000056360000,0x00000000563e0000)]
  0x000000005f7ad800 JavaThread "FelixPackageAdmin" daemon [_thread_blocked, id=2620, stack(0x0000000062ac0000,0x0000000062b40000)]
  0x000000005f7ad000 JavaThread "FelixStartLevel" daemon [_thread_blocked, id=1296, stack(0x0000000062a20000,0x0000000062aa0000)]
  0x000000005f7ac800 JavaThread "FelixDispatchQueue" daemon [_thread_blocked, id=4832, stack(0x00000000627e0000,0x0000000062860000)]
  0x000000005f7ab000 JavaThread "TimerQueue" daemon [_thread_blocked, id=4604, stack(0x000000004e110000,0x000000004e190000)]
  0x000000005f5ab000 JavaThread "AWT-EventQueue-0" [_thread_in_native, id=1424, stack(0x0000000060370000,0x00000000603f0000)]
  0x000000005f5f7800 JavaThread "com.google.common.base.internal.Finalizer" daemon [_thread_blocked, id=4064, stack(0x000000005a400000,0x000000005a480000)]
  0x000000005f50a800 JavaThread "AWT-Windows" daemon [_thread_in_native, id=948, stack(0x000000003dd50000,0x000000003ddd0000)]
  0x000000005f508000 JavaThread "AWT-Shutdown" [_thread_blocked, id=2100, stack(0x0000000025e80000,0x0000000025f00000)]
  0x000000005f507000 JavaThread "Java2D Disposer" daemon [_thread_blocked, id=4724, stack(0x0000000025dd0000,0x0000000025e50000)]
  0x000000005eeca000 JavaThread "Timer-0" [_thread_blocked, id=3236, stack(0x000000001d360000,0x000000001d3e0000)]
  0x000000005f09f000 JavaThread "JMI Unnamed Thread" [_thread_in_native, id=3828, stack(0x000000000bc40000,0x000000000fc40000)]
  0x000000004dffc800 JavaThread "Low Memory Detector" daemon [_thread_blocked, id=4272, stack(0x00000000191b0000,0x0000000019230000)]
  0x000000004dff6000 JavaThread "CompilerThread1" daemon [_thread_in_native, id=4344, stack(0x00000000563e0000,0x000000005a3e0000)]
=>0x000000004dfec000 JavaThread "CompilerThread0" daemon [_thread_in_native, id=4320, stack(0x0000000052310000,0x0000000056310000)]
  0x000000004dfe8800 JavaThread "Attach Listener" daemon [_thread_blocked, id=4308, stack(0x0000000019240000,0x00000000192c0000)]
  0x0000000004f2d800 JavaThread "Finalizer" daemon [_thread_blocked, id=4304, stack(0x0000000015070000,0x00000000150f0000)]
  0x0000000004f27800 JavaThread "Reference Handler" daemon [_thread_blocked, id=4296, stack(0x0000000010f10000,0x0000000010f90000)]
  0x0000000004e71000 JavaThread "main" [_thread_in_native, id=4384, stack(0x0000000000120000,0x0000000004120000)]

Other Threads:
  0x000000004df93000 VMThread [stack: 0x000000004e1d0000,0x00000000521d0000] [id=4284]
  0x000000004e02f800 WatcherThread [stack: 0x000000005a4b0000,0x000000005e4b0000] [id=4268]

VM state:not at safepoint (normal execution)

VM Mutex/Monitor currently owned by a thread: None

Heap
 PSYoungGen      total 30592K, used 21914K [0x000000003abc0000, 0x000000003cf80000, 0x000000003dcc0000)
  eden space 24768K, 81% used [0x000000003abc0000,0x000000003bf8ae90,0x000000003c3f0000)
  from space 5824K, 28% used [0x000000003c3f0000,0x000000003c58b9d0,0x000000003c9a0000)
  to   space 5312K, 0% used [0x000000003ca50000,0x000000003ca50000,0x000000003cf80000)
 PSOldGen        total 110400K, used 87482K [0x00000000318c0000, 0x0000000038490000, 0x000000003abc0000)
  object space 110400K, 79% used [0x00000000318c0000,0x0000000036e2e9e8,0x0000000038490000)
 PSPermGen       total 92864K, used 62893K [0x00000000298c0000, 0x000000002f370000, 0x00000000318c0000)
  object space 92864K, 67% used [0x00000000298c0000,0x000000002d62b6e8,0x000000002f370000)

Dynamic libraries:
0x000000013f9b0000 - 0x000000013f9d9000 	F:\MATLAB\R2011b\bin\win64\MATLAB.exe
0x0000000077ac0000 - 0x0000000077c6b000 	C:\Windows\SYSTEM32\ntdll.dll
0x00000000778a0000 - 0x00000000779bf000 	C:\Windows\system32\kernel32.dll
0x000007fefdd80000 - 0x000007fefddeb000 	C:\Windows\system32\KERNELBASE.dll
0x00000000731a0000 - 0x00000000731ea000 	C:\Program Files\AVAST Software\Avast\snxhk64.dll
0x0000000074460000 - 0x0000000074563000 	F:\MATLAB\R2011b\bin\win64\libut.dll
0x00000000758a0000 - 0x0000000075944000 	F:\MATLAB\R2011b\bin\win64\libmwi18n.dll
0x0000000180000000 - 0x000000018000b000 	F:\MATLAB\R2011b\bin\win64\libmwresource_core.dll
0x0000000072290000 - 0x0000000072363000 	C:\Windows\WinSxS\amd64_microsoft.vc90.crt_1fc8b3b9a1e18e3b_9.0.30729.4926_none_08e1a05ba83fe554\MSVCP90.dll
0x00000000721f0000 - 0x000000007228d000 	C:\Windows\WinSxS\amd64_microsoft.vc90.crt_1fc8b3b9a1e18e3b_9.0.30729.4926_none_08e1a05ba83fe554\MSVCR90.dll
0x000000007a170000 - 0x000000007a19c000 	F:\MATLAB\R2011b\bin\win64\boost_filesystem-vc90-mt-1_44.dll
0x000000007a560000 - 0x000000007a569000 	F:\MATLAB\R2011b\bin\win64\boost_system-vc90-mt-1_44.dll
0x000007feffcd0000 - 0x000007feffdab000 	C:\Windows\system32\ADVAPI32.dll
0x000007fefed10000 - 0x000007fefedaf000 	C:\Windows\system32\msvcrt.dll
0x000007feffdb0000 - 0x000007feffdcf000 	C:\Windows\SYSTEM32\sechost.dll
0x000007fefde70000 - 0x000007fefdf9e000 	C:\Windows\system32\RPCRT4.dll
0x000000007a010000 - 0x000000007a035000 	F:\MATLAB\R2011b\bin\win64\LIBEXPAT.dll
0x0000000071ff0000 - 0x00000000721e1000 	F:\MATLAB\R2011b\bin\win64\icuin44.dll
0x0000000071700000 - 0x0000000071871000 	F:\MATLAB\R2011b\bin\win64\icuuc44.dll
0x0000000010000000 - 0x0000000010e41000 	F:\MATLAB\R2011b\bin\win64\icudt44.dll
0x0000000073f70000 - 0x00000000740b5000 	F:\MATLAB\R2011b\bin\win64\libmwfl.dll
0x000000007a350000 - 0x000000007a556000 	F:\MATLAB\R2011b\bin\win64\libmwMATLAB_res.dll
0x0000000004180000 - 0x0000000004190000 	F:\MATLAB\R2011b\bin\win64\boost_date_time-vc90-mt-1_44.dll
0x000000007a250000 - 0x000000007a263000 	F:\MATLAB\R2011b\bin\win64\boost_signals-vc90-mt-1_44.dll
0x000000007a2d0000 - 0x000000007a2e2000 	F:\MATLAB\R2011b\bin\win64\boost_thread-vc90-mt-1_44.dll
0x00000000041c0000 - 0x0000000004206000 	F:\MATLAB\R2011b\bin\win64\tbb.dll
0x000007fefe010000 - 0x000007fefe029000 	C:\Windows\system32\imagehlp.dll
0x0000000077c80000 - 0x0000000077c87000 	C:\Windows\system32\PSAPI.DLL
0x0000000075570000 - 0x0000000075583000 	F:\MATLAB\R2011b\bin\win64\icuio44.dll
0x000007fef8e60000 - 0x000007fef8f85000 	C:\Windows\system32\dbghelp.dll
0x00000000779c0000 - 0x0000000077aba000 	C:\Windows\system32\USER32.dll
0x000007fefedb0000 - 0x000007fefee17000 	C:\Windows\system32\GDI32.dll
0x000007fefdff0000 - 0x000007fefdffe000 	C:\Windows\system32\LPK.dll
0x000007fefe4a0000 - 0x000007fefe56a000 	C:\Windows\system32\USP10.dll
0x000000007bed0000 - 0x000000007c148000 	F:\MATLAB\R2011b\bin\win64\libmwservices.dll
0x0000000075a20000 - 0x0000000075ad5000 	F:\MATLAB\R2011b\bin\win64\libmx.dll
0x000000007a210000 - 0x000000007a228000 	F:\MATLAB\R2011b\bin\win64\zlib1.dll
0x0000000074330000 - 0x0000000074453000 	F:\MATLAB\R2011b\bin\win64\libmwmathutil.dll
0x0000000075f10000 - 0x0000000075f5d000 	F:\MATLAB\R2011b\bin\win64\mpath.dll
0x000000007b680000 - 0x000000007bb4d000 	F:\MATLAB\R2011b\bin\win64\mlutil.dll
0x0000000071f70000 - 0x0000000071fef000 	F:\MATLAB\R2011b\bin\win64\xmlcore.dll
0x000000007bc30000 - 0x000000007be83000 	F:\MATLAB\R2011b\bin\win64\xerces-c_2_7.dll
0x000007fefdfa0000 - 0x000007fefdfed000 	C:\Windows\system32\WS2_32.dll
0x000007fefe000000 - 0x000007fefe008000 	C:\Windows\system32\NSI.dll
0x00000000043c0000 - 0x00000000043d6000 	F:\MATLAB\R2011b\bin\win64\libmwsettings_res.dll
0x00000000043e0000 - 0x0000000004427000 	F:\MATLAB\R2011b\bin\win64\boost_serialization-vc90-mt-1_44.dll
0x000007fefeec0000 - 0x000007feffc46000 	C:\Windows\system32\SHELL32.dll
0x000007feffc50000 - 0x000007feffcc1000 	C:\Windows\system32\SHLWAPI.dll
0x000007fefdc40000 - 0x000007fefdce0000 	C:\Windows\WinSxS\amd64_microsoft.windows.common-controls_6595b64144ccf1df_5.82.7600.16385_none_a44af8ec57f961cf\COMCTL32.dll
0x000007fefe720000 - 0x000007fefe7b8000 	C:\Windows\system32\COMDLG32.dll
0x000007fefb000000 - 0x000007fefb016000 	C:\Windows\system32\NETAPI32.dll
0x000007fefafd0000 - 0x000007fefafdc000 	C:\Windows\system32\netutils.dll
0x000007fefd590000 - 0x000007fefd5b3000 	C:\Windows\system32\srvcli.dll
0x000007fefafe0000 - 0x000007fefaff5000 	C:\Windows\system32\wkscli.dll
0x000007fefe290000 - 0x000007fefe491000 	C:\Windows\system32\ole32.dll
0x000007fefec30000 - 0x000007fefed07000 	C:\Windows\system32\OLEAUT32.dll
0x0000000074970000 - 0x0000000074a41000 	F:\MATLAB\R2011b\bin\win64\mcr.dll
0x0000000075000000 - 0x0000000075324000 	F:\MATLAB\R2011b\bin\win64\iqm.dll
0x000000006f820000 - 0x000000006fff0000 	F:\MATLAB\R2011b\bin\win64\m_interpreter.dll
0x00000000755c0000 - 0x00000000755d5000 	F:\MATLAB\R2011b\bin\win64\libmex.dll
0x0000000071650000 - 0x00000000716fe000 	F:\MATLAB\R2011b\bin\win64\m_dispatcher.dll
0x0000000074880000 - 0x000000007496d000 	F:\MATLAB\R2011b\bin\win64\boost_regex-vc90-mt-1_44.dll
0x0000000071ee0000 - 0x0000000071f64000 	F:\MATLAB\R2011b\bin\win64\profiler.dll
0x0000000079f40000 - 0x0000000079f73000 	F:\MATLAB\R2011b\bin\win64\libmwmathrng.dll
0x0000000074c10000 - 0x0000000074cea000 	F:\MATLAB\R2011b\bin\win64\libmwmathcore.dll
0x0000000076160000 - 0x00000000761cb000 	F:\MATLAB\R2011b\bin\win64\libmwspmatrix.dll
0x0000000075ea0000 - 0x0000000075f02000 	F:\MATLAB\R2011b\bin\win64\libmwcholmod.dll
0x00000000044f0000 - 0x00000000044fd000 	F:\MATLAB\R2011b\bin\win64\libmwamd.dll
0x0000000004510000 - 0x000000000451c000 	F:\MATLAB\R2011b\bin\win64\libmwcolamd.dll
0x0000000075550000 - 0x0000000075569000 	F:\MATLAB\R2011b\bin\win64\libmwblas.dll
0x0000000075530000 - 0x0000000075542000 	F:\MATLAB\R2011b\bin\win64\libmwbinder.dll
0x0000000075520000 - 0x000000007552b000 	F:\MATLAB\R2011b\bin\win64\libmwompwrapper.dll
0x00000000715c0000 - 0x0000000071642000 	F:\MATLAB\R2011b\bin\win64\libmwlapack.dll
0x0000000072c80000 - 0x0000000072ca1000 	F:\MATLAB\R2011b\bin\win64\m_pcodeio.dll
0x0000000079b10000 - 0x0000000079b77000 	F:\MATLAB\R2011b\bin\win64\m_ir.dll
0x0000000070180000 - 0x00000000707c0000 	F:\MATLAB\R2011b\bin\win64\m_parser.dll
0x0000000074600000 - 0x000000007461a000 	F:\MATLAB\R2011b\bin\win64\ir_xfmr.dll
0x0000000071330000 - 0x00000000715b5000 	F:\MATLAB\R2011b\bin\win64\mcos.dll
0x00000000755b0000 - 0x00000000755bc000 	F:\MATLAB\R2011b\bin\win64\mtok.dll
0x0000000072c40000 - 0x0000000072c71000 	F:\MATLAB\R2011b\bin\win64\m_pcodegen.dll
0x0000000079fb0000 - 0x0000000079fe5000 	F:\MATLAB\R2011b\bin\win64\libmwbridge.dll
0x0000000071260000 - 0x0000000071328000 	F:\MATLAB\R2011b\bin\win64\udd.dll
0x0000000070030000 - 0x0000000070177000 	F:\MATLAB\R2011b\bin\win64\libmwgui.dll
0x0000000072cc0000 - 0x0000000072cd7000 	F:\MATLAB\R2011b\bin\win64\graphics_util.dll
0x000000006ee70000 - 0x000000006f820000 	F:\MATLAB\R2011b\bin\win64\hg.dll
0x0000000076100000 - 0x0000000076158000 	F:\MATLAB\R2011b\bin\win64\libmat.dll
0x0000000072d30000 - 0x0000000072f44000 	F:\MATLAB\R2011b\bin\win64\hdf5dll.dll
0x0000000075710000 - 0x000000007579d000 	F:\MATLAB\R2011b\bin\win64\jmi.dll
0x0000000004660000 - 0x000000000466e000 	F:\MATLAB\R2011b\bin\win64\nativejava_services.dll
0x000000006ee20000 - 0x000000006ee63000 	F:\MATLAB\R2011b\bin\win64\libmwhardcopy.dll
0x000000006edb0000 - 0x000000006ee13000 	F:\MATLAB\R2011b\bin\win64\libuij.dll
0x000000006eba0000 - 0x000000006eda7000 	F:\MATLAB\R2011b\bin\win64\hgdatatypes.dll
0x000000006eaa0000 - 0x000000006eb99000 	F:\MATLAB\R2011b\bin\win64\hgutils.dll
0x000000006e9e0000 - 0x000000006ea9d000 	F:\MATLAB\R2011b\bin\win64\udd_mi.dll
0x00000000046d0000 - 0x0000000004999000 	F:\MATLAB\R2011b\bin\win64\uiw.dll
0x0000000075510000 - 0x000000007551f000 	F:\MATLAB\R2011b\bin\win64\uinone.dll
0x000007fef9ef0000 - 0x000007fef9f08000 	C:\Windows\system32\MPR.dll
0x000000006e4f0000 - 0x000000006e9d4000 	C:\Windows\WinSxS\amd64_microsoft.vc90.mfc_1fc8b3b9a1e18e3b_9.0.30729.4148_none_04480933ab2137b1\mfc90.dll
0x000007fef9f10000 - 0x000007fef9f17000 	C:\Windows\system32\MSIMG32.dll
0x000007fef9cc0000 - 0x000007fef9d30000 	C:\Windows\system32\WINSPOOL.DRV
0x0000000070000000 - 0x0000000070021000 	F:\MATLAB\R2011b\bin\win64\mwoles05.DLL
0x000000006e470000 - 0x000000006e4e5000 	F:\MATLAB\R2011b\bin\win64\comcli.dll
0x0000000071900000 - 0x000000007192f000 	C:\Windows\WinSxS\amd64_microsoft.vc90.atl_1fc8b3b9a1e18e3b_9.0.30729.4148_none_0a1d2fcba76b3f00\ATL90.DLL
0x00000000049e0000 - 0x00000000049ec000 	F:\MATLAB\R2011b\bin\win64\mlautoregister.dll
0x0000000004a00000 - 0x0000000004a10000 	F:\MATLAB\R2011b\bin\win64\boost_iostreams-vc90-mt-1_44.dll
0x000007fefe5c0000 - 0x000007fefe5ee000 	C:\Windows\system32\IMM32.DLL
0x000007fefe940000 - 0x000007fefea49000 	C:\Windows\system32\MSCTF.dll
0x000007fefc170000 - 0x000007fefc1c6000 	C:\Windows\system32\UxTheme.dll
0x000007fefb8f0000 - 0x000007fefb908000 	C:\Windows\system32\dwmapi.dll
0x0000000072c10000 - 0x0000000072c1d000 	C:\Windows\WinSxS\amd64_microsoft.vc90.mfcloc_1fc8b3b9a1e18e3b_9.0.30729.4148_none_01c6b44660ce74c3\MFC90ENU.DLL
0x0000000004b60000 - 0x0000000004b89000 	F:\MATLAB\R2011b\bin\win64\tbbmalloc.dll
0x000007fefda20000 - 0x000007fefda2f000 	C:\Windows\system32\profapi.dll
0x000007fefb780000 - 0x000007fefb7a7000 	C:\Windows\system32\iphlpapi.dll
0x000007fefb770000 - 0x000007fefb77b000 	C:\Windows\system32\WINNSI.DLL
0x000007fefd110000 - 0x000007fefd16b000 	C:\Windows\system32\DNSAPI.dll
0x000007fefb2b0000 - 0x000007fefb2c8000 	C:\Windows\system32\dhcpcsvc.DLL
0x000007fefb090000 - 0x000007fefb0a1000 	C:\Windows\system32\dhcpcsvc6.DLL
0x0000000072b20000 - 0x0000000072b23000 	C:\Windows\system32\icmp.Dll
0x000007fefd950000 - 0x000007fefd95f000 	C:\Windows\system32\CRYPTBASE.dll
0x000007fefdce0000 - 0x000007fefdd16000 	C:\Windows\system32\CFGMGR32.dll
0x000007fefee20000 - 0x000007fefeeb9000 	C:\Windows\system32\CLBCatQ.DLL
0x0000000078870000 - 0x0000000078ecd000 	F:\MATLAB\R2011b\sys\java\jre\win64\jre\bin\server\jvm.dll
0x000007fefb8b0000 - 0x000007fefb8eb000 	C:\Windows\system32\WINMM.dll
0x0000000006cd0000 - 0x0000000006cde000 	F:\MATLAB\R2011b\sys\java\jre\win64\jre\bin\verify.dll
0x000000007a070000 - 0x000000007a097000 	F:\MATLAB\R2011b\sys\java\jre\win64\jre\bin\java.dll
0x0000000006d00000 - 0x0000000006d0a000 	F:\MATLAB\R2011b\sys\java\jre\win64\jre\bin\hpi.dll
0x0000000006d20000 - 0x0000000006d32000 	F:\MATLAB\R2011b\sys\java\jre\win64\jre\bin\zip.dll
0x0000000075b90000 - 0x0000000075bfb000 	F:\MATLAB\R2011b\sys\java\jre\win64\jre\bin\fontmanager.dll

VM Arguments:
jvm_args: -Xss512k -XX:PermSize=32m -Xms64m -XX:NewRatio=3 -XX:MaxPermSize=128m -Xmx196m -XX:MaxDirectMemorySize=2147400000 -Dsun.java2d.noddraw=true -Dsun.awt.nopixfmt=true -Xshare:off -Xrs -Dsun.awt.disableMixing=true -Djava.library.path=F:\MATLAB\R2011b\bin\win64 vfprintf abort 
java_command: <unknown>
Launcher Type: generic

Environment Variables:
PATH=C:\Program Files\Common Files\Microsoft Shared\Windows Live;C:\Program Files (x86)\Common Files\Microsoft Shared\Windows Live;C:\Windows\system32;C:\Windows;C:\Windows\System32\Wbem;C:\Windows\System32\WindowsPowerShell\v1.0\;F:\MATLAB\R2011b\runtime\win64;F:\MATLAB\R2011b\bin;C:\Program Files (x86)\MATLAB\R2009b\runtime\win32;C:\Program Files (x86)\MATLAB\R2009b\bin
USERNAME=Tushar
OS=Windows_NT
PROCESSOR_IDENTIFIER=Intel64 Family 6 Model 42 Stepping 7, GenuineIntel



---------------  S Y S T E M  ---------------

OS: Windows 7 Build 7600 

CPU:total 4 (8 cores per cpu, 2 threads per core) family 6 model 42 stepping 7, cmov, cx8, fxsr, mmx, sse, sse2, sse3, ssse3, sse4.1, sse4.2, ht

Memory: 4k page, physical 4100376k(162336k free), swap 10248624k(4116k free)

vm_info: Java HotSpot(TM) 64-Bit Server VM (14.3-b01) for windows-amd64 JRE (1.6.0_17-b04), built on Oct 11 2009 00:46:08 by "java_re" with MS VC++ 8.0

time: Sun Aug 19 09:11:18 2012
elapsed time: 2268 seconds

